  [1m[35m (0.1ms)[0m  [1m[35mDROP TABLE IF EXISTS "artworks"[0m
  [1m[35m (0.6ms)[0m  [1m[35mCREATE TABLE "artworks" ("id" integer PRIMARY KEY AUTOINCREMENT NOT NULL, "artwork_name" varchar, "background_information" text, "author" varchar, "image_url" varchar, "created_at" datetime(6) NOT NULL, "updated_at" datetime(6) NOT NULL)[0m
  [1m[35m (0.0ms)[0m  [1m[35mDROP TABLE IF EXISTS "users"[0m
  [1m[35m (0.1ms)[0m  [1m[35mCREATE TABLE "users" ("id" integer PRIMARY KEY AUTOINCREMENT NOT NULL, "username" varchar NOT NULL, "email" varchar NOT NULL, "password_digest" varchar NOT NULL)[0m
  [1m[35m (0.2ms)[0m  [1m[35mCREATE UNIQUE INDEX "index_users_on_email" ON "users" ("email")[0m
  [1m[35m (0.2ms)[0m  [1m[35mCREATE TABLE "schema_migrations" ("version" varchar NOT NULL PRIMARY KEY)[0m
  [1m[36mActiveRecord::SchemaMigration Load (0.1ms)[0m  [1m[34mSELECT "schema_migrations"."version" FROM "schema_migrations" ORDER BY "schema_migrations"."version" ASC[0m
  [1m[35m (0.1ms)[0m  [1m[32mINSERT INTO "schema_migrations" (version) VALUES (20231031190044)[0m
  [1m[35m (0.1ms)[0m  [1m[32mINSERT INTO "schema_migrations" (version) VALUES
(20231031182930),
(20231031161026),
(20231031051053),
(202310290141);[0m
  [1m[35m (0.2ms)[0m  [1m[35mCREATE TABLE "ar_internal_metadata" ("key" varchar NOT NULL PRIMARY KEY, "value" varchar, "created_at" datetime(6) NOT NULL, "updated_at" datetime(6) NOT NULL)[0m
  [1m[36mActiveRecord::InternalMetadata Load (0.2ms)[0m  [1m[34mSELECT * FROM "ar_internal_metadata" WHERE "ar_internal_metadata"."key" = ? ORDER BY "ar_internal_metadata"."key" ASC LIMIT 1[0m  [[nil, "environment"]]
  [1m[36mActiveRecord::InternalMetadata Create (0.3ms)[0m  [1m[32mINSERT INTO "ar_internal_metadata" ("key", "value", "created_at", "updated_at") VALUES ('environment', 'development', '2023-11-01 20:29:39.580448', '2023-11-01 20:29:39.580452') RETURNING "key"[0m
  [1m[36mActiveRecord::InternalMetadata Load (0.1ms)[0m  [1m[34mSELECT * FROM "ar_internal_metadata" WHERE "ar_internal_metadata"."key" = ? ORDER BY "ar_internal_metadata"."key" ASC LIMIT 1[0m  [[nil, "environment"]]
  [1m[36mActiveRecord::InternalMetadata Load (0.1ms)[0m  [1m[34mSELECT * FROM "ar_internal_metadata" WHERE "ar_internal_metadata"."key" = ? ORDER BY "ar_internal_metadata"."key" ASC LIMIT 1[0m  [[nil, "schema_sha1"]]
  [1m[36mActiveRecord::InternalMetadata Create (0.1ms)[0m  [1m[32mINSERT INTO "ar_internal_metadata" ("key", "value", "created_at", "updated_at") VALUES ('schema_sha1', 'bce77ce5c0aa9f3d7c260678e68abab6e8d61d60', '2023-11-01 20:29:39.583696', '2023-11-01 20:29:39.583699') RETURNING "key"[0m
  [1m[35m (0.0ms)[0m  [1m[35mDROP TABLE IF EXISTS "artworks"[0m
  [1m[35m (0.6ms)[0m  [1m[35mCREATE TABLE "artworks" ("id" integer PRIMARY KEY AUTOINCREMENT NOT NULL, "artwork_name" varchar, "background_information" text, "author" varchar, "image_url" varchar, "created_at" datetime(6) NOT NULL, "updated_at" datetime(6) NOT NULL)[0m
  [1m[35m (0.0ms)[0m  [1m[35mDROP TABLE IF EXISTS "users"[0m
  [1m[35m (0.2ms)[0m  [1m[35mCREATE TABLE "users" ("id" integer PRIMARY KEY AUTOINCREMENT NOT NULL, "username" varchar NOT NULL, "email" varchar NOT NULL, "password_digest" varchar NOT NULL)[0m
  [1m[35m (0.1ms)[0m  [1m[35mCREATE UNIQUE INDEX "index_users_on_email" ON "users" ("email")[0m
  [1m[35m (0.2ms)[0m  [1m[35mCREATE TABLE "schema_migrations" ("version" varchar NOT NULL PRIMARY KEY)[0m
  [1m[36mActiveRecord::SchemaMigration Load (0.0ms)[0m  [1m[34mSELECT "schema_migrations"."version" FROM "schema_migrations" ORDER BY "schema_migrations"."version" ASC[0m
  [1m[35m (0.1ms)[0m  [1m[32mINSERT INTO "schema_migrations" (version) VALUES (20231031190044)[0m
  [1m[35m (0.2ms)[0m  [1m[32mINSERT INTO "schema_migrations" (version) VALUES
(20231031182930),
(20231031161026),
(20231031051053),
(202310290141);[0m
  [1m[35m (0.3ms)[0m  [1m[35mCREATE TABLE "ar_internal_metadata" ("key" varchar NOT NULL PRIMARY KEY, "value" varchar, "created_at" datetime(6) NOT NULL, "updated_at" datetime(6) NOT NULL)[0m
  [1m[36mActiveRecord::InternalMetadata Load (0.1ms)[0m  [1m[34mSELECT * FROM "ar_internal_metadata" WHERE "ar_internal_metadata"."key" = ? ORDER BY "ar_internal_metadata"."key" ASC LIMIT 1[0m  [[nil, "environment"]]
  [1m[36mActiveRecord::InternalMetadata Create (0.1ms)[0m  [1m[32mINSERT INTO "ar_internal_metadata" ("key", "value", "created_at", "updated_at") VALUES ('environment', 'development', '2023-11-01 20:29:39.599217', '2023-11-01 20:29:39.599219') RETURNING "key"[0m
  [1m[36mActiveRecord::InternalMetadata Load (0.1ms)[0m  [1m[34mSELECT * FROM "ar_internal_metadata" WHERE "ar_internal_metadata"."key" = ? ORDER BY "ar_internal_metadata"."key" ASC LIMIT 1[0m  [[nil, "environment"]]
  [1m[36mActiveRecord::InternalMetadata Update (0.1ms)[0m  [1m[33mUPDATE "ar_internal_metadata" SET "value" = 'test', "updated_at" = '2023-11-01 20:29:39.601099' WHERE "ar_internal_metadata"."key" = 'environment'[0m
  [1m[36mActiveRecord::InternalMetadata Load (0.1ms)[0m  [1m[34mSELECT * FROM "ar_internal_metadata" WHERE "ar_internal_metadata"."key" = ? ORDER BY "ar_internal_metadata"."key" ASC LIMIT 1[0m  [[nil, "schema_sha1"]]
  [1m[36mActiveRecord::InternalMetadata Create (0.1ms)[0m  [1m[32mINSERT INTO "ar_internal_metadata" ("key", "value", "created_at", "updated_at") VALUES ('schema_sha1', 'bce77ce5c0aa9f3d7c260678e68abab6e8d61d60', '2023-11-01 20:29:39.602260', '2023-11-01 20:29:39.602261') RETURNING "key"[0m
  [1m[36mActiveRecord::InternalMetadata Load (0.1ms)[0m  [1m[34mSELECT * FROM "ar_internal_metadata" WHERE "ar_internal_metadata"."key" = ? ORDER BY "ar_internal_metadata"."key" ASC LIMIT 1[0m  [[nil, "environment"]]
  [1m[36mActiveRecord::SchemaMigration Load (0.1ms)[0m  [1m[34mSELECT "schema_migrations"."version" FROM "schema_migrations" ORDER BY "schema_migrations"."version" ASC[0m
  [1m[36mActiveRecord::SchemaMigration Load (0.0ms)[0m  [1m[34mSELECT "schema_migrations"."version" FROM "schema_migrations" ORDER BY "schema_migrations"."version" ASC[0m
  [1m[36mActiveRecord::SchemaMigration Load (0.1ms)[0m  [1m[34mSELECT "schema_migrations"."version" FROM "schema_migrations" ORDER BY "schema_migrations"."version" ASC[0m
  [1m[36mTRANSACTION (0.1ms)[0m  [1m[36mbegin transaction[0m
  [1m[36mUser Exists? (3.0ms)[0m  [1m[34mSELECT 1 AS one FROM "users" WHERE "users"."username" = ? LIMIT ?[0m  [["username", "admin"], ["LIMIT", 1]]
  [1m[36mUser Exists? (0.1ms)[0m  [1m[34mSELECT 1 AS one FROM "users" WHERE "users"."email" = ? LIMIT ?[0m  [["email", "admin@admin.com"], ["LIMIT", 1]]
  [1m[36mUser Create (0.2ms)[0m  [1m[32mINSERT INTO "users" ("username", "email", "password_digest") VALUES (?, ?, ?) RETURNING "id"[0m  [["username", "admin"], ["email", "admin@admin.com"], ["password_digest", "[FILTERED]"]]
  [1m[36mTRANSACTION (0.5ms)[0m  [1m[36mcommit transaction[0m
  [1m[36mTRANSACTION (0.0ms)[0m  [1m[36mbegin transaction[0m
  [1m[36mArtwork Create (1.3ms)[0m  [1m[32mINSERT INTO "artworks" ("artwork_name", "background_information", "author", "image_url", "created_at", "updated_at") VALUES (?, ?, ?, ?, ?, ?) RETURNING "id"[0m  [["artwork_name", "The Starry Night"], ["background_information", "The Starry Night is an oil on canvas painting by Dutch Post-Impressionist painter Vincent van Gogh. Painted in June 1889, it depicts the view from the east-facing window of his asylum room at Saint-Rémy-de-Provence, just before sunrise, with the addition of an imaginary village."], ["author", "Vincent van Gogh"], ["image_url", "https://upload.wikimedia.org/wikipedia/commons/thumb/e/ea/Van_Gogh_-_Starry_Night_-_Google_Art_Project.jpg/1280px-Van_Gogh_-_Starry_Night_-_Google_Art_Project.jpg"], ["created_at", "2023-11-01 20:29:57.611618"], ["updated_at", "2023-11-01 20:29:57.611618"]]
  [1m[36mTRANSACTION (0.1ms)[0m  [1m[36mcommit transaction[0m
Started GET "/" for 127.0.0.1 at 2023-11-01 16:30:22 -0400
  [1m[36mActiveRecord::SchemaMigration Load (0.6ms)[0m  [1m[34mSELECT "schema_migrations"."version" FROM "schema_migrations" ORDER BY "schema_migrations"."version" ASC[0m
Processing by SessionsController#welcome as HTML
  Rendering layout layouts/application.html.erb
  Rendering sessions/welcome.html.erb within layouts/application
  Rendered sessions/welcome.html.erb within layouts/application (Duration: 25.8ms | Allocations: 562)
  Rendered layout layouts/application.html.erb (Duration: 316.2ms | Allocations: 88160)
Completed 200 OK in 359ms (Views: 350.3ms | ActiveRecord: 0.0ms | Allocations: 92352)


Started GET "/" for 127.0.0.1 at 2023-11-01 16:30:24 -0400
Processing by SessionsController#welcome as HTML
  Rendering layout layouts/application.html.erb
  Rendering sessions/welcome.html.erb within layouts/application
  Rendered sessions/welcome.html.erb within layouts/application (Duration: 1.3ms | Allocations: 80)
  Rendered layout layouts/application.html.erb (Duration: 34.3ms | Allocations: 5368)
Completed 200 OK in 35ms (Views: 35.0ms | ActiveRecord: 0.0ms | Allocations: 5606)


Started GET "/login" for 127.0.0.1 at 2023-11-01 16:30:31 -0400
Processing by SessionsController#login as HTML
  Rendering layout layouts/application.html.erb
  Rendering sessions/login.html.erb within layouts/application
  Rendered sessions/login.html.erb within layouts/application (Duration: 13.7ms | Allocations: 2076)
  Rendered layout layouts/application.html.erb (Duration: 17.4ms | Allocations: 4533)
Completed 200 OK in 19ms (Views: 18.1ms | ActiveRecord: 0.0ms | Allocations: 4833)


Started GET "/register" for 127.0.0.1 at 2023-11-01 16:30:36 -0400
Processing by UsersController#register as HTML
  Rendering layout layouts/application.html.erb
  Rendering users/register.erb within layouts/application
  Rendered users/register.erb within layouts/application (Duration: 4.1ms | Allocations: 1740)
  Rendered layout layouts/application.html.erb (Duration: 7.0ms | Allocations: 4201)
Completed 200 OK in 35ms (Views: 8.0ms | ActiveRecord: 0.3ms | Allocations: 17355)


Started POST "/register" for 127.0.0.1 at 2023-11-01 16:30:44 -0400
Processing by UsersController#create as HTML
  Parameters: {"authenticity_token"=>"[FILTERED]", "user"=>{"username"=>"sc5320", "email"=>"sc5320@columbia.edu", "password"=>"[FILTERED]"}, "commit"=>"Sign Up"}
  [1m[36mTRANSACTION (0.1ms)[0m  [1m[36mbegin transaction[0m
  ↳ app/controllers/users_controller.rb:8:in `create'
  [1m[36mUser Exists? (1.1ms)[0m  [1m[34mSELECT 1 AS one FROM "users" WHERE "users"."username" = ? LIMIT ?[0m  [["username", "sc5320"], ["LIMIT", 1]]
  ↳ app/controllers/users_controller.rb:8:in `create'
  [1m[36mUser Exists? (0.1ms)[0m  [1m[34mSELECT 1 AS one FROM "users" WHERE "users"."email" = ? LIMIT ?[0m  [["email", "sc5320@columbia.edu"], ["LIMIT", 1]]
  ↳ app/controllers/users_controller.rb:8:in `create'
  [1m[36mUser Create (0.2ms)[0m  [1m[32mINSERT INTO "users" ("username", "email", "password_digest") VALUES (?, ?, ?) RETURNING "id"[0m  [["username", "sc5320"], ["email", "sc5320@columbia.edu"], ["password_digest", "[FILTERED]"]]
  ↳ app/controllers/users_controller.rb:8:in `create'
  [1m[36mTRANSACTION (0.2ms)[0m  [1m[36mcommit transaction[0m
  ↳ app/controllers/users_controller.rb:8:in `create'
Redirected to http://127.0.0.1:8080/
Completed 302 Found in 230ms (ActiveRecord: 1.5ms | Allocations: 7029)


Started GET "/" for 127.0.0.1 at 2023-11-01 16:30:44 -0400
Processing by SessionsController#welcome as HTML
  Rendering layout layouts/application.html.erb
  Rendering sessions/welcome.html.erb within layouts/application
  Rendered sessions/welcome.html.erb within layouts/application (Duration: 0.3ms | Allocations: 80)
  Rendered layout layouts/application.html.erb (Duration: 5.7ms | Allocations: 2748)
Completed 200 OK in 7ms (Views: 6.3ms | ActiveRecord: 0.0ms | Allocations: 2983)


Started GET "/login" for 127.0.0.1 at 2023-11-01 16:30:50 -0400
Processing by SessionsController#login as HTML
  Rendering layout layouts/application.html.erb
  Rendering sessions/login.html.erb within layouts/application
  Rendered sessions/login.html.erb within layouts/application (Duration: 1.1ms | Allocations: 558)
  Rendered layout layouts/application.html.erb (Duration: 4.2ms | Allocations: 3015)
Completed 200 OK in 5ms (Views: 4.6ms | ActiveRecord: 0.0ms | Allocations: 3249)


Started POST "/login" for 127.0.0.1 at 2023-11-01 16:30:52 -0400
Processing by SessionsController#create as HTML
  Parameters: {"authenticity_token"=>"[FILTERED]", "session"=>{"username_or_email"=>"sc5320", "password"=>"[FILTERED]"}, "commit"=>"Log In"}
  [1m[36mUser Load (0.1ms)[0m  [1m[34mSELECT "users".* FROM "users" WHERE "users"."username" = ? LIMIT ?[0m  [["username", "sc5320"], ["LIMIT", 1]]
  ↳ app/controllers/sessions_controller.rb:7:in `create'
Redirected to http://127.0.0.1:8080/users/2
Completed 302 Found in 212ms (ActiveRecord: 0.1ms | Allocations: 1092)


Started GET "/users/2" for 127.0.0.1 at 2023-11-01 16:30:52 -0400
Processing by UsersController#show as HTML
  Parameters: {"id"=>"2"}
  [1m[36mUser Load (0.1ms)[0m  [1m[34mSELECT "users".* FROM "users" WHERE "users"."id" = ? LIMIT ?[0m  [["id", 2], ["LIMIT", 1]]
  ↳ app/controllers/users_controller.rb:17:in `show'
  Rendering layout layouts/application.html.erb
  Rendering users/show.html.erb within layouts/application
  Rendered users/show.html.erb within layouts/application (Duration: 1.0ms | Allocations: 265)
  Rendered layout layouts/application.html.erb (Duration: 4.0ms | Allocations: 2731)
Completed 200 OK in 7ms (Views: 4.5ms | ActiveRecord: 0.1ms | Allocations: 4173)


Started GET "/users/2/edit" for 127.0.0.1 at 2023-11-01 16:31:02 -0400
Processing by UsersController#edit as HTML
  Parameters: {"id"=>"2"}
  [1m[36mUser Load (0.1ms)[0m  [1m[34mSELECT "users".* FROM "users" WHERE "users"."id" = ? LIMIT ?[0m  [["id", 2], ["LIMIT", 1]]
  ↳ app/controllers/users_controller.rb:21:in `edit'
  Rendering layout layouts/application.html.erb
  Rendering users/edit.html.erb within layouts/application
  Rendered users/edit.html.erb within layouts/application (Duration: 2.7ms | Allocations: 860)
  Rendered layout layouts/application.html.erb (Duration: 7.2ms | Allocations: 3325)
Completed 200 OK in 11ms (Views: 8.5ms | ActiveRecord: 0.1ms | Allocations: 4167)


Started PATCH "/users/2" for 127.0.0.1 at 2023-11-01 16:31:05 -0400
Processing by UsersController#update as HTML
  Parameters: {"authenticity_token"=>"[FILTERED]", "user"=>{"username"=>"sc5320", "email"=>"sc5320@columbia.edu", "password"=>"[FILTERED]"}, "commit"=>"update", "id"=>"2"}
  [1m[36mUser Load (0.1ms)[0m  [1m[34mSELECT "users".* FROM "users" WHERE "users"."id" = ? LIMIT ?[0m  [["id", 2], ["LIMIT", 1]]
  ↳ app/controllers/users_controller.rb:25:in `update'
  [1m[36mTRANSACTION (0.1ms)[0m  [1m[36mbegin transaction[0m
  ↳ app/controllers/users_controller.rb:26:in `update'
  [1m[36mUser Exists? (0.1ms)[0m  [1m[34mSELECT 1 AS one FROM "users" WHERE "users"."username" = ? AND "users"."id" != ? LIMIT ?[0m  [["username", "sc5320"], ["id", 2], ["LIMIT", 1]]
  ↳ app/controllers/users_controller.rb:26:in `update'
  [1m[36mUser Update (0.1ms)[0m  [1m[33mUPDATE "users" SET "password_digest" = ? WHERE "users"."id" = ?[0m  [["password_digest", "[FILTERED]"], ["id", 2]]
  ↳ app/controllers/users_controller.rb:26:in `update'
  [1m[36mTRANSACTION (0.1ms)[0m  [1m[36mcommit transaction[0m
  ↳ app/controllers/users_controller.rb:26:in `update'
Redirected to http://127.0.0.1:8080/users/2
Completed 302 Found in 224ms (ActiveRecord: 1.3ms | Allocations: 3463)


Started GET "/users/2" for 127.0.0.1 at 2023-11-01 16:31:05 -0400
Processing by UsersController#show as HTML
  Parameters: {"id"=>"2"}
  [1m[36mUser Load (0.1ms)[0m  [1m[34mSELECT "users".* FROM "users" WHERE "users"."id" = ? LIMIT ?[0m  [["id", 2], ["LIMIT", 1]]
  ↳ app/controllers/users_controller.rb:17:in `show'
  Rendering layout layouts/application.html.erb
  Rendering users/show.html.erb within layouts/application
  Rendered users/show.html.erb within layouts/application (Duration: 0.2ms | Allocations: 70)
  Rendered layout layouts/application.html.erb (Duration: 13.1ms | Allocations: 2551)
Completed 200 OK in 16ms (Views: 13.7ms | ActiveRecord: 0.1ms | Allocations: 3351)


Started GET "/logout" for 127.0.0.1 at 2023-11-01 16:31:16 -0400
Processing by SessionsController#destroy as HTML
Redirected to http://127.0.0.1:8080/
Completed 302 Found in 2ms (ActiveRecord: 0.0ms | Allocations: 322)


Started GET "/" for 127.0.0.1 at 2023-11-01 16:31:16 -0400
Processing by SessionsController#welcome as HTML
  Rendering layout layouts/application.html.erb
  Rendering sessions/welcome.html.erb within layouts/application
  Rendered sessions/welcome.html.erb within layouts/application (Duration: 1.2ms | Allocations: 80)
  Rendered layout layouts/application.html.erb (Duration: 5.1ms | Allocations: 2733)
Completed 200 OK in 9ms (Views: 8.0ms | ActiveRecord: 0.0ms | Allocations: 2968)


Started GET "/" for 127.0.0.1 at 2023-11-01 16:31:18 -0400
Processing by SessionsController#welcome as HTML
  Rendering layout layouts/application.html.erb
  Rendering sessions/welcome.html.erb within layouts/application
  Rendered sessions/welcome.html.erb within layouts/application (Duration: 0.3ms | Allocations: 80)
  Rendered layout layouts/application.html.erb (Duration: 4.4ms | Allocations: 2744)
Completed 200 OK in 6ms (Views: 5.2ms | ActiveRecord: 0.0ms | Allocations: 2980)


Started GET "/" for 127.0.0.1 at 2023-11-01 18:04:24 -0400
  [1m[36mActiveRecord::SchemaMigration Load (0.6ms)[0m  [1m[34mSELECT "schema_migrations"."version" FROM "schema_migrations" ORDER BY "schema_migrations"."version" ASC[0m
Processing by SessionsController#welcome as HTML
  Rendering layout layouts/application.html.erb
  Rendering sessions/welcome.html.erb within layouts/application
  Rendered sessions/welcome.html.erb within layouts/application (Duration: 1.0ms | Allocations: 562)
  Rendered layout layouts/application.html.erb (Duration: 66.0ms | Allocations: 26993)
Completed 200 OK in 77ms (Views: 72.7ms | ActiveRecord: 0.0ms | Allocations: 29429)


Started GET "/login" for 127.0.0.1 at 2023-11-01 18:04:31 -0400
Processing by SessionsController#login as HTML
  Rendering layout layouts/application.html.erb
  Rendering sessions/login.html.erb within layouts/application
  Rendered sessions/login.html.erb within layouts/application (Duration: 6.1ms | Allocations: 1553)
  Rendered layout layouts/application.html.erb (Duration: 11.1ms | Allocations: 4014)
Completed 200 OK in 14ms (Views: 12.2ms | ActiveRecord: 0.0ms | Allocations: 4316)


Started GET "/register" for 127.0.0.1 at 2023-11-01 18:04:33 -0400
Processing by UsersController#register as HTML
  Rendering layout layouts/application.html.erb
  Rendering users/register.erb within layouts/application
  Rendered users/register.erb within layouts/application (Duration: 4.9ms | Allocations: 1697)
  Rendered layout layouts/application.html.erb (Duration: 9.0ms | Allocations: 4162)
Completed 200 OK in 58ms (Views: 19.9ms | ActiveRecord: 2.4ms | Allocations: 17317)


Started POST "/register" for 127.0.0.1 at 2023-11-01 18:04:36 -0400
Processing by UsersController#create as HTML
  Parameters: {"authenticity_token"=>"[FILTERED]", "user"=>{"username"=>"sc5320", "email"=>"sc5320@columbia.edu", "password"=>"[FILTERED]"}, "commit"=>"Sign Up"}
  [1m[36mTRANSACTION (0.1ms)[0m  [1m[36mbegin transaction[0m
  ↳ app/controllers/users_controller.rb:8:in `create'
  [1m[36mUser Exists? (1.0ms)[0m  [1m[34mSELECT 1 AS one FROM "users" WHERE "users"."username" = ? LIMIT ?[0m  [["username", "sc5320"], ["LIMIT", 1]]
  ↳ app/controllers/users_controller.rb:8:in `create'
  [1m[36mUser Exists? (0.9ms)[0m  [1m[34mSELECT 1 AS one FROM "users" WHERE "users"."email" = ? LIMIT ?[0m  [["email", "sc5320@columbia.edu"], ["LIMIT", 1]]
  ↳ app/controllers/users_controller.rb:8:in `create'
  [1m[36mTRANSACTION (0.0ms)[0m  [1m[31mrollback transaction[0m
  ↳ app/controllers/users_controller.rb:8:in `create'
  Rendering layout layouts/application.html.erb
  Rendering users/register.erb within layouts/application
  Rendered users/register.erb within layouts/application (Duration: 3.3ms | Allocations: 1651)
  Rendered layout layouts/application.html.erb (Duration: 6.5ms | Allocations: 4108)
Completed 200 OK in 271ms (Views: 7.0ms | ActiveRecord: 2.0ms | Allocations: 10365)


Started GET "/login" for 127.0.0.1 at 2023-11-01 18:04:42 -0400
Processing by SessionsController#login as HTML
  Rendering layout layouts/application.html.erb
  Rendering sessions/login.html.erb within layouts/application
  Rendered sessions/login.html.erb within layouts/application (Duration: 1.4ms | Allocations: 537)
  Rendered layout layouts/application.html.erb (Duration: 4.3ms | Allocations: 2998)
Completed 200 OK in 5ms (Views: 4.9ms | ActiveRecord: 0.0ms | Allocations: 3237)


Started POST "/login" for 127.0.0.1 at 2023-11-01 18:04:43 -0400
Processing by SessionsController#create as HTML
  Parameters: {"authenticity_token"=>"[FILTERED]", "session"=>{"username_or_email"=>"sc5320", "password"=>"[FILTERED]"}, "commit"=>"Log In"}
  [1m[36mUser Load (0.2ms)[0m  [1m[34mSELECT "users".* FROM "users" WHERE "users"."username" = ? LIMIT ?[0m  [["username", "sc5320"], ["LIMIT", 1]]
  ↳ app/controllers/sessions_controller.rb:7:in `create'
Redirected to http://127.0.0.1:8080/users/2
Completed 302 Found in 223ms (ActiveRecord: 0.2ms | Allocations: 1150)


Started GET "/users/2" for 127.0.0.1 at 2023-11-01 18:04:43 -0400
Processing by UsersController#show as HTML
  Parameters: {"id"=>"2"}
  [1m[36mUser Load (0.1ms)[0m  [1m[34mSELECT "users".* FROM "users" WHERE "users"."id" = ? LIMIT ?[0m  [["id", 2], ["LIMIT", 1]]
  ↳ app/controllers/users_controller.rb:17:in `show'
  Rendering layout layouts/application.html.erb
  Rendering users/show.html.erb within layouts/application
  Rendered users/show.html.erb within layouts/application (Duration: 0.7ms | Allocations: 262)
  Rendered layout layouts/application.html.erb (Duration: 3.5ms | Allocations: 2732)
Completed 200 OK in 8ms (Views: 4.1ms | ActiveRecord: 0.1ms | Allocations: 4173)


Started GET "/users/2/edit" for 127.0.0.1 at 2023-11-01 18:04:48 -0400
Processing by UsersController#edit as HTML
  Parameters: {"id"=>"2"}
  [1m[36mUser Load (0.1ms)[0m  [1m[34mSELECT "users".* FROM "users" WHERE "users"."id" = ? LIMIT ?[0m  [["id", 2], ["LIMIT", 1]]
  ↳ app/controllers/users_controller.rb:21:in `edit'
  Rendering layout layouts/application.html.erb
  Rendering users/edit.html.erb within layouts/application
  Rendered users/edit.html.erb within layouts/application (Duration: 2.7ms | Allocations: 860)
  Rendered layout layouts/application.html.erb (Duration: 6.7ms | Allocations: 3329)
Completed 200 OK in 11ms (Views: 8.0ms | ActiveRecord: 0.1ms | Allocations: 4181)


Started PATCH "/users/2" for 127.0.0.1 at 2023-11-01 18:04:51 -0400
Processing by UsersController#update as HTML
  Parameters: {"authenticity_token"=>"[FILTERED]", "user"=>{"username"=>"sc5320", "email"=>"sc5320@columbia.edu", "password"=>"[FILTERED]"}, "commit"=>"update", "id"=>"2"}
  [1m[36mUser Load (0.2ms)[0m  [1m[34mSELECT "users".* FROM "users" WHERE "users"."id" = ? LIMIT ?[0m  [["id", 2], ["LIMIT", 1]]
  ↳ app/controllers/users_controller.rb:25:in `update'
  [1m[36mTRANSACTION (0.1ms)[0m  [1m[36mbegin transaction[0m
  ↳ app/controllers/users_controller.rb:26:in `update'
  [1m[36mUser Exists? (0.1ms)[0m  [1m[34mSELECT 1 AS one FROM "users" WHERE "users"."username" = ? AND "users"."id" != ? LIMIT ?[0m  [["username", "sc5320"], ["id", 2], ["LIMIT", 1]]
  ↳ app/controllers/users_controller.rb:26:in `update'
  [1m[36mUser Update (2.4ms)[0m  [1m[33mUPDATE "users" SET "password_digest" = ? WHERE "users"."id" = ?[0m  [["password_digest", "[FILTERED]"], ["id", 2]]
  ↳ app/controllers/users_controller.rb:26:in `update'
  [1m[36mTRANSACTION (1.0ms)[0m  [1m[36mcommit transaction[0m
  ↳ app/controllers/users_controller.rb:26:in `update'
Redirected to http://127.0.0.1:8080/users/2
Completed 302 Found in 234ms (ActiveRecord: 4.6ms | Allocations: 4160)


Started GET "/users/2" for 127.0.0.1 at 2023-11-01 18:04:52 -0400
Processing by UsersController#show as HTML
  Parameters: {"id"=>"2"}
  [1m[36mUser Load (0.2ms)[0m  [1m[34mSELECT "users".* FROM "users" WHERE "users"."id" = ? LIMIT ?[0m  [["id", 2], ["LIMIT", 1]]
  ↳ app/controllers/users_controller.rb:17:in `show'
  Rendering layout layouts/application.html.erb
  Rendering users/show.html.erb within layouts/application
  Rendered users/show.html.erb within layouts/application (Duration: 0.5ms | Allocations: 70)
  Rendered layout layouts/application.html.erb (Duration: 6.7ms | Allocations: 2569)
Completed 200 OK in 11ms (Views: 7.5ms | ActiveRecord: 0.2ms | Allocations: 3368)


Started GET "/logout" for 127.0.0.1 at 2023-11-01 18:05:09 -0400
Processing by SessionsController#destroy as HTML
Redirected to http://127.0.0.1:8080/
Completed 302 Found in 1ms (ActiveRecord: 0.0ms | Allocations: 361)


Started GET "/" for 127.0.0.1 at 2023-11-01 18:05:09 -0400
Processing by SessionsController#welcome as HTML
  Rendering layout layouts/application.html.erb
  Rendering sessions/welcome.html.erb within layouts/application
  Rendered sessions/welcome.html.erb within layouts/application (Duration: 0.3ms | Allocations: 80)
  Rendered layout layouts/application.html.erb (Duration: 9.5ms | Allocations: 2750)
Completed 200 OK in 10ms (Views: 10.1ms | ActiveRecord: 0.0ms | Allocations: 2987)


Started GET "/upload" for 127.0.0.1 at 2023-11-01 18:05:11 -0400
Processing by ImageSearchController#upload as HTML
  Rendering layout layouts/application.html.erb
  Rendering image_search/upload.html.erb within layouts/application
  Rendered image_search/upload.html.erb within layouts/application (Duration: 8.5ms | Allocations: 1918)
  Rendered layout layouts/application.html.erb (Duration: 13.8ms | Allocations: 4390)
Completed 200 OK in 16ms (Views: 15.6ms | ActiveRecord: 0.0ms | Allocations: 4776)


Started POST "/search" for 127.0.0.1 at 2023-11-01 18:05:14 -0400
Processing by ImageSearchController#search as HTML
  Parameters: {"authenticity_token"=>"[FILTERED]", "commit"=>"Upload"}
Redirected to http://127.0.0.1:8080/
Completed 302 Found in 1ms (ActiveRecord: 0.0ms | Allocations: 393)


Started GET "/" for 127.0.0.1 at 2023-11-01 18:05:14 -0400
Processing by SessionsController#welcome as HTML
  Rendering layout layouts/application.html.erb
  Rendering sessions/welcome.html.erb within layouts/application
  Rendered sessions/welcome.html.erb within layouts/application (Duration: 0.2ms | Allocations: 80)
  Rendered layout layouts/application.html.erb (Duration: 5.2ms | Allocations: 2767)
Completed 200 OK in 6ms (Views: 6.0ms | ActiveRecord: 0.0ms | Allocations: 3003)


Started GET "/upload" for 127.0.0.1 at 2023-11-01 18:05:17 -0400
Processing by ImageSearchController#upload as HTML
  Rendering layout layouts/application.html.erb
  Rendering image_search/upload.html.erb within layouts/application
  Rendered image_search/upload.html.erb within layouts/application (Duration: 2.6ms | Allocations: 1361)
  Rendered layout layouts/application.html.erb (Duration: 7.4ms | Allocations: 3830)
Completed 200 OK in 9ms (Views: 8.5ms | ActiveRecord: 0.0ms | Allocations: 4066)


Started POST "/search" for 127.0.0.1 at 2023-11-01 18:05:29 -0400
Processing by ImageSearchController#search as HTML
  Parameters: {"authenticity_token"=>"[FILTERED]", "file"=>#<ActionDispatch::Http::UploadedFile:0x000000010ed965e8 @tempfile=#<Tempfile:/var/folders/dv/mvsl6cpj1vsf3zlzp9dknvqh0000gn/T/RackMultipart20231101-22963-j1qlzo.jpg>, @content_type="image/jpeg", @original_filename="472_1941_CCCR-Press Site.jpg", @headers="Content-Disposition: form-data; name=\"file\"; filename=\"472_1941_CCCR-Press Site.jpg\"\r\nContent-Type: image/jpeg\r\n">, "commit"=>"Upload"}
  [1m[36mArtwork Load (0.2ms)[0m  [1m[34mSELECT "artworks".* FROM "artworks" WHERE "artworks"."id" = ? LIMIT ?[0m  [["id", 1], ["LIMIT", 1]]
  ↳ app/controllers/image_search_controller.rb:12:in `search'
Redirected to http://127.0.0.1:8080/artworks/1
Completed 302 Found in 24ms (ActiveRecord: 0.6ms | Allocations: 10357)


Started GET "/artworks/1" for 127.0.0.1 at 2023-11-01 18:05:29 -0400
Processing by ArtworksController#show as HTML
  Parameters: {"id"=>"1"}
  [1m[36mArtwork Load (0.1ms)[0m  [1m[34mSELECT "artworks".* FROM "artworks" WHERE "artworks"."id" = ? LIMIT ?[0m  [["id", 1], ["LIMIT", 1]]
  ↳ app/controllers/artworks_controller.rb:3:in `show'
  Rendering layout layouts/application.html.erb
  Rendering artworks/show.html.erb within layouts/application
  Rendered artworks/show.html.erb within layouts/application (Duration: 1.7ms | Allocations: 323)
  Rendered layout layouts/application.html.erb (Duration: 10.2ms | Allocations: 2985)
Completed 200 OK in 14ms (Views: 11.9ms | ActiveRecord: 0.1ms | Allocations: 3794)


Started GET "/upload" for 127.0.0.1 at 2023-11-01 18:11:15 -0400
Processing by ImageSearchController#upload as HTML
  Rendering layout layouts/application.html.erb
  Rendering image_search/upload.html.erb within layouts/application
  Rendered image_search/upload.html.erb within layouts/application (Duration: 13.7ms | Allocations: 1370)
  Rendered layout layouts/application.html.erb (Duration: 31.5ms | Allocations: 3839)
Completed 200 OK in 38ms (Views: 35.2ms | ActiveRecord: 0.0ms | Allocations: 4075)


Started POST "/search" for 127.0.0.1 at 2023-11-01 18:11:30 -0400
Processing by ImageSearchController#search as HTML
  Parameters: {"authenticity_token"=>"[FILTERED]", "file"=>#<ActionDispatch::Http::UploadedFile:0x000000010f6d1ea0 @tempfile=#<Tempfile:/var/folders/dv/mvsl6cpj1vsf3zlzp9dknvqh0000gn/T/RackMultipart20231101-22963-92kbxw.jpg>, @content_type="image/jpeg", @original_filename="Vincent_Willem_van_Gogh_127.jpg", @headers="Content-Disposition: form-data; name=\"file\"; filename=\"Vincent_Willem_van_Gogh_127.jpg\"\r\nContent-Type: image/jpeg\r\n">, "commit"=>"Upload"}
  [1m[36mArtwork Load (3.0ms)[0m  [1m[34mSELECT "artworks".* FROM "artworks" WHERE "artworks"."id" = ? LIMIT ?[0m  [["id", 1], ["LIMIT", 1]]
  ↳ app/controllers/image_search_controller.rb:12:in `search'
Redirected to http://127.0.0.1:8080/artworks/1
Completed 302 Found in 11ms (ActiveRecord: 4.6ms | Allocations: 1014)


Started GET "/artworks/1" for 127.0.0.1 at 2023-11-01 18:11:30 -0400
Processing by ArtworksController#show as HTML
  Parameters: {"id"=>"1"}
  [1m[36mArtwork Load (0.1ms)[0m  [1m[34mSELECT "artworks".* FROM "artworks" WHERE "artworks"."id" = ? LIMIT ?[0m  [["id", 1], ["LIMIT", 1]]
  ↳ app/controllers/artworks_controller.rb:3:in `show'
  Rendering layout layouts/application.html.erb
  Rendering artworks/show.html.erb within layouts/application
  Rendered artworks/show.html.erb within layouts/application (Duration: 0.6ms | Allocations: 50)
  Rendered layout layouts/application.html.erb (Duration: 6.1ms | Allocations: 2707)
Completed 200 OK in 9ms (Views: 7.0ms | ActiveRecord: 0.1ms | Allocations: 3302)


Started POST "/search" for 127.0.0.1 at 2023-11-01 18:11:40 -0400
Processing by ImageSearchController#search as HTML
  Parameters: {"authenticity_token"=>"[FILTERED]", "file"=>#<ActionDispatch::Http::UploadedFile:0x000000010fbd84d0 @tempfile=#<Tempfile:/var/folders/dv/mvsl6cpj1vsf3zlzp9dknvqh0000gn/T/RackMultipart20231101-22963-9mumtz.jpg>, @content_type="image/jpeg", @original_filename="Vincent_Willem_van_Gogh_127.jpg", @headers="Content-Disposition: form-data; name=\"file\"; filename=\"Vincent_Willem_van_Gogh_127.jpg\"\r\nContent-Type: image/jpeg\r\n">, "commit"=>"Upload"}
  [1m[36mArtwork Load (0.1ms)[0m  [1m[34mSELECT "artworks".* FROM "artworks" WHERE "artworks"."id" = ? LIMIT ?[0m  [["id", 1], ["LIMIT", 1]]
  ↳ app/controllers/image_search_controller.rb:12:in `search'
Redirected to http://127.0.0.1:8080/artworks/1
Completed 302 Found in 3ms (ActiveRecord: 0.1ms | Allocations: 688)


Started GET "/artworks/1" for 127.0.0.1 at 2023-11-01 18:11:40 -0400
Processing by ArtworksController#show as HTML
  Parameters: {"id"=>"1"}
  [1m[36mArtwork Load (0.1ms)[0m  [1m[34mSELECT "artworks".* FROM "artworks" WHERE "artworks"."id" = ? LIMIT ?[0m  [["id", 1], ["LIMIT", 1]]
  ↳ app/controllers/artworks_controller.rb:3:in `show'
  Rendering layout layouts/application.html.erb
  Rendering artworks/show.html.erb within layouts/application
  Rendered artworks/show.html.erb within layouts/application (Duration: 0.2ms | Allocations: 50)
  Rendered layout layouts/application.html.erb (Duration: 5.5ms | Allocations: 2704)
Completed 200 OK in 8ms (Views: 6.3ms | ActiveRecord: 0.1ms | Allocations: 3299)


Started GET "/" for 127.0.0.1 at 2023-11-01 19:46:43 -0400
  [1m[35m (0.8ms)[0m  [1m[35mCREATE TABLE "schema_migrations" ("version" varchar NOT NULL PRIMARY KEY)[0m
  [1m[35m (0.3ms)[0m  [1m[35mCREATE TABLE "ar_internal_metadata" ("key" varchar NOT NULL PRIMARY KEY, "value" varchar, "created_at" datetime(6) NOT NULL, "updated_at" datetime(6) NOT NULL)[0m
  [1m[36mActiveRecord::SchemaMigration Load (0.3ms)[0m  [1m[34mSELECT "schema_migrations"."version" FROM "schema_migrations" ORDER BY "schema_migrations"."version" ASC[0m
  
ActiveRecord::PendingMigrationError (

Migrations are pending. To resolve this issue, run:

        bin/rails db:migrate

You have 5 pending migrations:

db/migrate/202310290141_create_users.rb
db/migrate/20231031051053_create_artworks.rb
db/migrate/20231031161026_remove_uid_from_artworks.rb
db/migrate/20231031182930_add_password_digest_to_users.rb
db/migrate/20231031190044_remove_password_from_users.rb


):
  
activerecord (7.1.1) lib/active_record/migration.rb:753:in `check_pending_migrations'
activerecord (7.1.1) lib/active_record/migration.rb:642:in `block (2 levels) in call'
activesupport (7.1.1) lib/active_support/file_update_checker.rb:85:in `execute'
activerecord (7.1.1) lib/active_record/migration.rb:647:in `block in call'
activerecord (7.1.1) lib/active_record/migration.rb:639:in `synchronize'
activerecord (7.1.1) lib/active_record/migration.rb:639:in `call'
actionpack (7.1.1) lib/action_dispatch/middleware/callbacks.rb:29:in `block in call'
activesupport (7.1.1) lib/active_support/callbacks.rb:101:in `run_callbacks'
actionpack (7.1.1) lib/action_dispatch/middleware/callbacks.rb:28:in `call'
actionpack (7.1.1) lib/action_dispatch/middleware/executor.rb:14:in `call'
actionpack (7.1.1) lib/action_dispatch/middleware/actionable_exceptions.rb:16:in `call'
actionpack (7.1.1) lib/action_dispatch/middleware/debug_exceptions.rb:29:in `call'
web-console (4.2.1) lib/web_console/middleware.rb:132:in `call_app'
web-console (4.2.1) lib/web_console/middleware.rb:28:in `block in call'
web-console (4.2.1) lib/web_console/middleware.rb:17:in `catch'
web-console (4.2.1) lib/web_console/middleware.rb:17:in `call'
actionpack (7.1.1) lib/action_dispatch/middleware/show_exceptions.rb:31:in `call'
railties (7.1.1) lib/rails/rack/logger.rb:37:in `call_app'
railties (7.1.1) lib/rails/rack/logger.rb:24:in `block in call'
activesupport (7.1.1) lib/active_support/tagged_logging.rb:135:in `block in tagged'
activesupport (7.1.1) lib/active_support/tagged_logging.rb:39:in `tagged'
activesupport (7.1.1) lib/active_support/tagged_logging.rb:135:in `tagged'
activesupport (7.1.1) lib/active_support/broadcast_logger.rb:232:in `method_missing'
railties (7.1.1) lib/rails/rack/logger.rb:24:in `call'
sprockets-rails (3.4.2) lib/sprockets/rails/quiet_assets.rb:13:in `call'
actionpack (7.1.1) lib/action_dispatch/middleware/remote_ip.rb:92:in `call'
actionpack (7.1.1) lib/action_dispatch/middleware/request_id.rb:28:in `call'
rack (3.0.8) lib/rack/method_override.rb:28:in `call'
rack (3.0.8) lib/rack/runtime.rb:24:in `call'
activesupport (7.1.1) lib/active_support/cache/strategy/local_cache_middleware.rb:29:in `call'
actionpack (7.1.1) lib/action_dispatch/middleware/server_timing.rb:59:in `block in call'
actionpack (7.1.1) lib/action_dispatch/middleware/server_timing.rb:24:in `collect_events'
actionpack (7.1.1) lib/action_dispatch/middleware/server_timing.rb:58:in `call'
actionpack (7.1.1) lib/action_dispatch/middleware/executor.rb:14:in `call'
actionpack (7.1.1) lib/action_dispatch/middleware/static.rb:25:in `call'
rack (3.0.8) lib/rack/sendfile.rb:114:in `call'
actionpack (7.1.1) lib/action_dispatch/middleware/host_authorization.rb:141:in `call'
railties (7.1.1) lib/rails/engine.rb:529:in `call'
puma (6.4.0) lib/puma/configuration.rb:272:in `call'
puma (6.4.0) lib/puma/request.rb:100:in `block in handle_request'
puma (6.4.0) lib/puma/thread_pool.rb:378:in `with_force_shutdown'
puma (6.4.0) lib/puma/request.rb:99:in `handle_request'
puma (6.4.0) lib/puma/server.rb:443:in `process_client'
puma (6.4.0) lib/puma/server.rb:241:in `block in run'
puma (6.4.0) lib/puma/thread_pool.rb:155:in `block in spawn_thread'
  [1m[36mActiveRecord::SchemaMigration Load (0.1ms)[0m  [1m[34mSELECT "schema_migrations"."version" FROM "schema_migrations" ORDER BY "schema_migrations"."version" ASC[0m
  [1m[36mActiveRecord::SchemaMigration Load (0.0ms)[0m  [1m[34mSELECT "schema_migrations"."version" FROM "schema_migrations" ORDER BY "schema_migrations"."version" ASC[0m
  [1m[35m (0.5ms)[0m  [1m[35mDROP TABLE IF EXISTS "artworks"[0m
  [1m[35m (0.4ms)[0m  [1m[35mCREATE TABLE "artworks" ("id" integer PRIMARY KEY AUTOINCREMENT NOT NULL, "artwork_name" varchar, "background_information" text, "author" varchar, "image_url" varchar, "created_at" datetime(6) NOT NULL, "updated_at" datetime(6) NOT NULL)[0m
  [1m[35m (0.1ms)[0m  [1m[35mDROP TABLE IF EXISTS "users"[0m
  [1m[35m (0.2ms)[0m  [1m[35mCREATE TABLE "users" ("id" integer PRIMARY KEY AUTOINCREMENT NOT NULL, "username" varchar NOT NULL, "email" varchar NOT NULL, "password_digest" varchar NOT NULL)[0m
  [1m[35m (0.2ms)[0m  [1m[35mCREATE UNIQUE INDEX "index_users_on_email" ON "users" ("email")[0m
  [1m[36mActiveRecord::SchemaMigration Load (0.0ms)[0m  [1m[34mSELECT "schema_migrations"."version" FROM "schema_migrations" ORDER BY "schema_migrations"."version" ASC[0m
  [1m[35m (0.1ms)[0m  [1m[32mINSERT INTO "schema_migrations" (version) VALUES (20231031190044)[0m
  [1m[35m (1.3ms)[0m  [1m[32mINSERT INTO "schema_migrations" (version) VALUES
(20231031182930),
(20231031161026),
(20231031051053),
(202310290141);[0m
  [1m[36mActiveRecord::InternalMetadata Load (0.1ms)[0m  [1m[34mSELECT * FROM "ar_internal_metadata" WHERE "ar_internal_metadata"."key" = ? ORDER BY "ar_internal_metadata"."key" ASC LIMIT 1[0m  [[nil, "environment"]]
  [1m[36mActiveRecord::InternalMetadata Create (0.2ms)[0m  [1m[32mINSERT INTO "ar_internal_metadata" ("key", "value", "created_at", "updated_at") VALUES ('environment', 'development', '2023-11-01 23:47:52.246266', '2023-11-01 23:47:52.246269') RETURNING "key"[0m
  [1m[36mActiveRecord::InternalMetadata Load (0.1ms)[0m  [1m[34mSELECT * FROM "ar_internal_metadata" WHERE "ar_internal_metadata"."key" = ? ORDER BY "ar_internal_metadata"."key" ASC LIMIT 1[0m  [[nil, "environment"]]
  [1m[36mActiveRecord::InternalMetadata Load (0.1ms)[0m  [1m[34mSELECT * FROM "ar_internal_metadata" WHERE "ar_internal_metadata"."key" = ? ORDER BY "ar_internal_metadata"."key" ASC LIMIT 1[0m  [[nil, "schema_sha1"]]
  [1m[36mActiveRecord::InternalMetadata Create (0.1ms)[0m  [1m[32mINSERT INTO "ar_internal_metadata" ("key", "value", "created_at", "updated_at") VALUES ('schema_sha1', 'bce77ce5c0aa9f3d7c260678e68abab6e8d61d60', '2023-11-01 23:47:52.248989', '2023-11-01 23:47:52.248991') RETURNING "key"[0m
  [1m[35m (0.1ms)[0m  [1m[35mDROP TABLE IF EXISTS "artworks"[0m
  [1m[35m (0.9ms)[0m  [1m[35mCREATE TABLE "artworks" ("id" integer PRIMARY KEY AUTOINCREMENT NOT NULL, "artwork_name" varchar, "background_information" text, "author" varchar, "image_url" varchar, "created_at" datetime(6) NOT NULL, "updated_at" datetime(6) NOT NULL)[0m
  [1m[35m (0.1ms)[0m  [1m[35mDROP TABLE IF EXISTS "users"[0m
  [1m[35m (0.2ms)[0m  [1m[35mCREATE TABLE "users" ("id" integer PRIMARY KEY AUTOINCREMENT NOT NULL, "username" varchar NOT NULL, "email" varchar NOT NULL, "password_digest" varchar NOT NULL)[0m
  [1m[35m (0.2ms)[0m  [1m[35mCREATE UNIQUE INDEX "index_users_on_email" ON "users" ("email")[0m
  [1m[35m (0.2ms)[0m  [1m[35mCREATE TABLE "schema_migrations" ("version" varchar NOT NULL PRIMARY KEY)[0m
  [1m[36mActiveRecord::SchemaMigration Load (0.1ms)[0m  [1m[34mSELECT "schema_migrations"."version" FROM "schema_migrations" ORDER BY "schema_migrations"."version" ASC[0m
  [1m[35m (0.1ms)[0m  [1m[32mINSERT INTO "schema_migrations" (version) VALUES (20231031190044)[0m
  [1m[35m (0.1ms)[0m  [1m[32mINSERT INTO "schema_migrations" (version) VALUES
(20231031182930),
(20231031161026),
(20231031051053),
(202310290141);[0m
  [1m[35m (0.2ms)[0m  [1m[35mCREATE TABLE "ar_internal_metadata" ("key" varchar NOT NULL PRIMARY KEY, "value" varchar, "created_at" datetime(6) NOT NULL, "updated_at" datetime(6) NOT NULL)[0m
  [1m[36mActiveRecord::InternalMetadata Load (0.1ms)[0m  [1m[34mSELECT * FROM "ar_internal_metadata" WHERE "ar_internal_metadata"."key" = ? ORDER BY "ar_internal_metadata"."key" ASC LIMIT 1[0m  [[nil, "environment"]]
  [1m[36mActiveRecord::InternalMetadata Create (0.1ms)[0m  [1m[32mINSERT INTO "ar_internal_metadata" ("key", "value", "created_at", "updated_at") VALUES ('environment', 'development', '2023-11-01 23:47:52.268248', '2023-11-01 23:47:52.268251') RETURNING "key"[0m
  [1m[36mActiveRecord::InternalMetadata Load (0.1ms)[0m  [1m[34mSELECT * FROM "ar_internal_metadata" WHERE "ar_internal_metadata"."key" = ? ORDER BY "ar_internal_metadata"."key" ASC LIMIT 1[0m  [[nil, "environment"]]
  [1m[36mActiveRecord::InternalMetadata Update (0.1ms)[0m  [1m[33mUPDATE "ar_internal_metadata" SET "value" = 'test', "updated_at" = '2023-11-01 23:47:52.269839' WHERE "ar_internal_metadata"."key" = 'environment'[0m
  [1m[36mActiveRecord::InternalMetadata Load (0.1ms)[0m  [1m[34mSELECT * FROM "ar_internal_metadata" WHERE "ar_internal_metadata"."key" = ? ORDER BY "ar_internal_metadata"."key" ASC LIMIT 1[0m  [[nil, "schema_sha1"]]
  [1m[36mActiveRecord::InternalMetadata Create (0.2ms)[0m  [1m[32mINSERT INTO "ar_internal_metadata" ("key", "value", "created_at", "updated_at") VALUES ('schema_sha1', 'bce77ce5c0aa9f3d7c260678e68abab6e8d61d60', '2023-11-01 23:47:52.271907', '2023-11-01 23:47:52.271910') RETURNING "key"[0m
  [1m[36mActiveRecord::InternalMetadata Load (0.1ms)[0m  [1m[34mSELECT * FROM "ar_internal_metadata" WHERE "ar_internal_metadata"."key" = ? ORDER BY "ar_internal_metadata"."key" ASC LIMIT 1[0m  [[nil, "environment"]]
  [1m[36mActiveRecord::SchemaMigration Load (0.1ms)[0m  [1m[34mSELECT "schema_migrations"."version" FROM "schema_migrations" ORDER BY "schema_migrations"."version" ASC[0m
  [1m[36mActiveRecord::SchemaMigration Load (0.0ms)[0m  [1m[34mSELECT "schema_migrations"."version" FROM "schema_migrations" ORDER BY "schema_migrations"."version" ASC[0m
  [1m[36mActiveRecord::SchemaMigration Load (0.1ms)[0m  [1m[34mSELECT "schema_migrations"."version" FROM "schema_migrations" ORDER BY "schema_migrations"."version" ASC[0m
  [1m[36mTRANSACTION (0.1ms)[0m  [1m[36mbegin transaction[0m
  [1m[36mUser Exists? (3.2ms)[0m  [1m[34mSELECT 1 AS one FROM "users" WHERE "users"."username" = ? LIMIT ?[0m  [["username", "admin"], ["LIMIT", 1]]
  [1m[36mUser Exists? (0.1ms)[0m  [1m[34mSELECT 1 AS one FROM "users" WHERE "users"."email" = ? LIMIT ?[0m  [["email", "admin@admin.com"], ["LIMIT", 1]]
  [1m[36mUser Create (0.2ms)[0m  [1m[32mINSERT INTO "users" ("username", "email", "password_digest") VALUES (?, ?, ?) RETURNING "id"[0m  [["username", "admin"], ["email", "admin@admin.com"], ["password_digest", "[FILTERED]"]]
  [1m[36mTRANSACTION (0.8ms)[0m  [1m[36mcommit transaction[0m
  [1m[36mTRANSACTION (0.0ms)[0m  [1m[36mbegin transaction[0m
  [1m[36mArtwork Create (1.3ms)[0m  [1m[32mINSERT INTO "artworks" ("artwork_name", "background_information", "author", "image_url", "created_at", "updated_at") VALUES (?, ?, ?, ?, ?, ?) RETURNING "id"[0m  [["artwork_name", "The Starry Night"], ["background_information", "The Starry Night is an oil on canvas painting by Dutch Post-Impressionist painter Vincent van Gogh. Painted in June 1889, it depicts the view from the east-facing window of his asylum room at Saint-Rémy-de-Provence, just before sunrise, with the addition of an imaginary village."], ["author", "Vincent van Gogh"], ["image_url", "https://upload.wikimedia.org/wikipedia/commons/thumb/e/ea/Van_Gogh_-_Starry_Night_-_Google_Art_Project.jpg/1280px-Van_Gogh_-_Starry_Night_-_Google_Art_Project.jpg"], ["created_at", "2023-11-01 23:48:10.775156"], ["updated_at", "2023-11-01 23:48:10.775156"]]
  [1m[36mTRANSACTION (0.1ms)[0m  [1m[36mcommit transaction[0m
Started GET "/" for 127.0.0.1 at 2023-11-01 19:48:21 -0400
  [1m[36mActiveRecord::SchemaMigration Load (0.6ms)[0m  [1m[34mSELECT "schema_migrations"."version" FROM "schema_migrations" ORDER BY "schema_migrations"."version" ASC[0m
Processing by SessionsController#welcome as HTML
  Rendering layout layouts/application.html.erb
  Rendering sessions/welcome.html.erb within layouts/application
  Rendered sessions/welcome.html.erb within layouts/application (Duration: 1.1ms | Allocations: 562)
  Rendered layout layouts/application.html.erb (Duration: 256.0ms | Allocations: 83505)
Completed 200 OK in 265ms (Views: 261.3ms | ActiveRecord: 0.0ms | Allocations: 85940)


Started GET "/login" for 127.0.0.1 at 2023-11-01 19:48:23 -0400
Processing by SessionsController#login as HTML
  Rendering layout layouts/application.html.erb
  Rendering sessions/login.html.erb within layouts/application
  Rendered sessions/login.html.erb within layouts/application (Duration: 14.1ms | Allocations: 2599)
  Rendered layout layouts/application.html.erb (Duration: 16.7ms | Allocations: 4718)
Completed 200 OK in 18ms (Views: 17.1ms | ActiveRecord: 0.0ms | Allocations: 5020)


Started GET "/register" for 127.0.0.1 at 2023-11-01 19:48:32 -0400
Processing by UsersController#register as HTML
  Rendering layout layouts/application.html.erb
  Rendering users/register.erb within layouts/application
  Rendered users/register.erb within layouts/application (Duration: 3.6ms | Allocations: 1694)
  Rendered layout layouts/application.html.erb (Duration: 6.4ms | Allocations: 3817)
Completed 200 OK in 39ms (Views: 7.5ms | ActiveRecord: 0.6ms | Allocations: 16972)


Started POST "/register" for 127.0.0.1 at 2023-11-01 19:48:45 -0400
Processing by UsersController#create as HTML
  Parameters: {"authenticity_token"=>"[FILTERED]", "user"=>{"username"=>"admin", "email"=>"admin@email.com", "password"=>"[FILTERED]"}, "commit"=>"Sign Up"}
  [1m[36mTRANSACTION (0.1ms)[0m  [1m[36mbegin transaction[0m
  ↳ app/controllers/users_controller.rb:8:in `create'
  [1m[36mUser Exists? (1.7ms)[0m  [1m[34mSELECT 1 AS one FROM "users" WHERE "users"."username" = ? LIMIT ?[0m  [["username", "admin"], ["LIMIT", 1]]
  ↳ app/controllers/users_controller.rb:8:in `create'
  [1m[36mUser Exists? (0.1ms)[0m  [1m[34mSELECT 1 AS one FROM "users" WHERE "users"."email" = ? LIMIT ?[0m  [["email", "admin@email.com"], ["LIMIT", 1]]
  ↳ app/controllers/users_controller.rb:8:in `create'
  [1m[36mTRANSACTION (0.0ms)[0m  [1m[31mrollback transaction[0m
  ↳ app/controllers/users_controller.rb:8:in `create'
  Rendering layout layouts/application.html.erb
  Rendering users/register.erb within layouts/application
  Rendered users/register.erb within layouts/application (Duration: 2.0ms | Allocations: 1224)
  Rendered layout layouts/application.html.erb (Duration: 5.9ms | Allocations: 3339)
Completed 200 OK in 245ms (Views: 6.4ms | ActiveRecord: 1.8ms | Allocations: 9597)


Started POST "/register" for 127.0.0.1 at 2023-11-01 19:48:55 -0400
Processing by UsersController#create as HTML
  Parameters: {"authenticity_token"=>"[FILTERED]", "user"=>{"username"=>"admin1", "email"=>"admin1@email.com", "password"=>"[FILTERED]"}, "commit"=>"Sign Up"}
  [1m[36mTRANSACTION (0.1ms)[0m  [1m[36mbegin transaction[0m
  ↳ app/controllers/users_controller.rb:8:in `create'
  [1m[36mUser Exists? (0.8ms)[0m  [1m[34mSELECT 1 AS one FROM "users" WHERE "users"."username" = ? LIMIT ?[0m  [["username", "admin1"], ["LIMIT", 1]]
  ↳ app/controllers/users_controller.rb:8:in `create'
  [1m[36mUser Exists? (0.1ms)[0m  [1m[34mSELECT 1 AS one FROM "users" WHERE "users"."email" = ? LIMIT ?[0m  [["email", "admin1@email.com"], ["LIMIT", 1]]
  ↳ app/controllers/users_controller.rb:8:in `create'
  [1m[36mUser Create (0.2ms)[0m  [1m[32mINSERT INTO "users" ("username", "email", "password_digest") VALUES (?, ?, ?) RETURNING "id"[0m  [["username", "admin1"], ["email", "admin1@email.com"], ["password_digest", "[FILTERED]"]]
  ↳ app/controllers/users_controller.rb:8:in `create'
  [1m[36mTRANSACTION (0.1ms)[0m  [1m[36mcommit transaction[0m
  ↳ app/controllers/users_controller.rb:8:in `create'
Redirected to http://127.0.0.1:8080/
Completed 302 Found in 221ms (ActiveRecord: 1.2ms | Allocations: 4016)


Started GET "/" for 127.0.0.1 at 2023-11-01 19:48:55 -0400
Processing by SessionsController#welcome as HTML
  Rendering layout layouts/application.html.erb
  Rendering sessions/welcome.html.erb within layouts/application
  Rendered sessions/welcome.html.erb within layouts/application (Duration: 0.2ms | Allocations: 80)
  Rendered layout layouts/application.html.erb (Duration: 7.6ms | Allocations: 2431)
Completed 200 OK in 8ms (Views: 8.0ms | ActiveRecord: 0.0ms | Allocations: 2667)


Started GET "/login" for 127.0.0.1 at 2023-11-01 19:49:00 -0400
Processing by SessionsController#login as HTML
  Rendering layout layouts/application.html.erb
  Rendering sessions/login.html.erb within layouts/application
  Rendered sessions/login.html.erb within layouts/application (Duration: 1.2ms | Allocations: 560)
  Rendered layout layouts/application.html.erb (Duration: 5.9ms | Allocations: 2682)
Completed 200 OK in 7ms (Views: 6.4ms | ActiveRecord: 0.0ms | Allocations: 2919)


Started POST "/login" for 127.0.0.1 at 2023-11-01 19:49:10 -0400
Processing by SessionsController#create as HTML
  Parameters: {"authenticity_token"=>"[FILTERED]", "session"=>{"username_or_email"=>"admin1", "password"=>"[FILTERED]"}, "commit"=>"Log In"}
  [1m[36mUser Load (1.2ms)[0m  [1m[34mSELECT "users".* FROM "users" WHERE "users"."username" = ? LIMIT ?[0m  [["username", "admin1"], ["LIMIT", 1]]
  ↳ app/controllers/sessions_controller.rb:7:in `create'
Redirected to http://127.0.0.1:8080/users/2
Completed 302 Found in 220ms (ActiveRecord: 1.2ms | Allocations: 1093)


Started GET "/users/2" for 127.0.0.1 at 2023-11-01 19:49:10 -0400
Processing by UsersController#show as HTML
  Parameters: {"id"=>"2"}
  [1m[36mUser Load (0.2ms)[0m  [1m[34mSELECT "users".* FROM "users" WHERE "users"."id" = ? LIMIT ?[0m  [["id", 2], ["LIMIT", 1]]
  ↳ app/controllers/users_controller.rb:17:in `show'
  Rendering layout layouts/application.html.erb
  Rendering users/show.html.erb within layouts/application
  Rendered users/show.html.erb within layouts/application (Duration: 0.9ms | Allocations: 264)
  Rendered layout layouts/application.html.erb (Duration: 4.3ms | Allocations: 2394)
Completed 200 OK in 15ms (Views: 5.9ms | ActiveRecord: 0.2ms | Allocations: 3850)


Started GET "/logout" for 127.0.0.1 at 2023-11-01 19:49:16 -0400
Processing by SessionsController#destroy as HTML
Redirected to http://127.0.0.1:8080/
Completed 302 Found in 4ms (ActiveRecord: 0.0ms | Allocations: 343)


Started GET "/" for 127.0.0.1 at 2023-11-01 19:49:16 -0400
Processing by SessionsController#welcome as HTML
  Rendering layout layouts/application.html.erb
  Rendering sessions/welcome.html.erb within layouts/application
  Rendered sessions/welcome.html.erb within layouts/application (Duration: 0.2ms | Allocations: 80)
  Rendered layout layouts/application.html.erb (Duration: 4.8ms | Allocations: 2393)
Completed 200 OK in 7ms (Views: 6.0ms | ActiveRecord: 0.0ms | Allocations: 2630)


  [1m[36mActiveRecord::InternalMetadata Load (0.8ms)[0m  [1m[34mSELECT * FROM "ar_internal_metadata" WHERE "ar_internal_metadata"."key" = ? ORDER BY "ar_internal_metadata"."key" ASC LIMIT 1[0m  [[nil, "environment"]]
  [1m[36mActiveRecord::SchemaMigration Load (0.1ms)[0m  [1m[34mSELECT "schema_migrations"."version" FROM "schema_migrations" ORDER BY "schema_migrations"."version" ASC[0m
  [1m[36mActiveRecord::SchemaMigration Load (0.0ms)[0m  [1m[34mSELECT "schema_migrations"."version" FROM "schema_migrations" ORDER BY "schema_migrations"."version" ASC[0m
